<?xml version="1.0" encoding="UTF-8"?>
<!-- Generated by org.testng.reporters.JUnitReportReporter -->
<testsuite hostname="LAPTOP-5V942OGD" failures="0" tests="1" name="testCases.TC_006_TestBrands" time="1.199" errors="0" timestamp="2024-11-22T17:46:10 IST" skipped="0">
  <testcase classname="testCases.TC_006_TestBrands" name="testBrands" time="1.199"/>
</testsuite> <!-- testCases.TC_006_TestBrands -->
