<?xml version="1.0" encoding="UTF-8"?>
<!-- Generated by org.testng.reporters.JUnitReportReporter -->
<testsuite hostname="LAPTOP-5V942OGD" failures="0" tests="1" name="testCases.TC_005_LogoTest" time="0.062" errors="0" timestamp="2024-11-22T07:21:02 IST" skipped="0">
  <testcase classname="testCases.TC_005_LogoTest" name="testLogo" time="0.062"/>
</testsuite> <!-- testCases.TC_005_LogoTest -->
