<?xml version="1.0" encoding="UTF-8"?>
<!-- Generated by org.testng.reporters.JUnitReportReporter -->
<testsuite hostname="LAPTOP-5V942OGD" failures="0" tests="1" name="testCases.TC_002_LoginTest" time="1.382" errors="0" timestamp="2024-11-21T19:35:37 IST" skipped="0">
  <testcase classname="testCases.TC_002_LoginTest" name="loginTest" time="1.382"/>
</testsuite> <!-- testCases.TC_002_LoginTest -->
