<?xml version="1.0" encoding="UTF-8"?>
<!-- Generated by org.testng.reporters.JUnitReportReporter -->
<testsuite hostname="LAPTOP-5V942OGD" failures="0" tests="1" name="testCases.TC_004_Software" time="10.606" errors="0" timestamp="2024-11-21T19:35:37 IST" skipped="0">
  <testcase classname="testCases.TC_004_Software" name="test_Software" time="10.606"/>
</testsuite> <!-- testCases.TC_004_Software -->
