<?xml version="1.0" encoding="UTF-8"?>
<!-- Generated by org.testng.reporters.JUnitReportReporter -->
<testsuite hostname="LAPTOP-5V942OGD" failures="0" tests="1" name="testCases.TC_002_LoginTest" time="2.235" errors="0" timestamp="2024-11-21T07:26:02 IST" skipped="0">
  <testcase classname="testCases.TC_002_LoginTest" name="loginTest" time="2.235"/>
</testsuite> <!-- testCases.TC_002_LoginTest -->
